\BOOKMARK [0][-]{section*.1}{\376\377\000D\000e\000c\000l\000a\000r\000a\000t\000i\000o\000n\000\040\000o\000f\000\040\000A\000u\000t\000h\000o\000r\000s\000h\000i\000p}{}% 1
\BOOKMARK [0][-]{chapter.2}{\376\377\000M\000o\000t\000i\000v\000a\000t\000i\000o\000n\000\040\000a\000n\000d\000\040\000B\000a\000c\000k\000g\000r\000o\000u\000n\000d}{}% 2
\BOOKMARK [1][-]{section.3}{\376\377\000Q\000u\000a\000n\000t\000u\000m\000\040\000i\000n\000f\000o\000\040\000p\000r\000o\000c\000e\000s\000s\000i\000n\000g\000\040\000a\000n\000d\000\040\000Q\000u\000b\000i\000t\000\040\000c\000a\000n\000d\000i\000d\000a\000t\000e\000s}{chapter.2}% 3
\BOOKMARK [1][-]{section.4}{\376\377\000S\000i\000l\000i\000c\000o\000n\000\040\000v\000a\000c\000a\000n\000c\000y\000\040\000a\000s\000\040\000a\000\040\000Q\000u\000b\000i\000t\000\040\000c\000a\000n\000d\000i\000d\000a\000t\000e}{chapter.2}% 4
\BOOKMARK [1][-]{section.6}{\376\377\000S\000i\000l\000i\000c\000o\000n\000\040\000v\000a\000c\000a\000n\000c\000i\000e\000s\000\040\000i\000n\000\040\000n\000a\000n\000o\000d\000i\000a\000m\000o\000n\000d\000s}{chapter.2}% 5
\BOOKMARK [1][-]{section.7}{\376\377\000M\000o\000t\000i\000v\000a\000t\000i\000o\000n\000\040\000o\000f\000\040\000t\000h\000e\000\040\000t\000h\000e\000s\000i\000s\000,\000\040\000u\000n\000s\000o\000l\000v\000e\000d\000\040\000p\000r\000o\000b\000l\000e\000m}{chapter.2}% 6
\BOOKMARK [0][-]{chapter.8}{\376\377\000E\000x\000p\000e\000r\000i\000m\000e\000n\000t\000a\000l\000\040\000a\000p\000p\000r\000o\000a\000c\000h\000\040\000o\000f\000\040\000s\000u\000r\000p\000r\000e\000s\000s\000i\000n\000g\000\040\000t\000h\000e\000\040\000s\000p\000e\000c\000t\000r\000a\000l\000\040\000d\000i\000f\000f\000u\000s\000i\000o\000n}{}% 7
\BOOKMARK [1][-]{section.9}{\376\377\000s\000a\000m\000p\000l\000e\000\040\000p\000r\000e\000p\000a\000r\000a\000t\000i\000o\000n}{chapter.8}% 8
\BOOKMARK [2][-]{subsection.10}{\376\377\000p\000r\000e\000p\000a\000r\000a\000t\000i\000o\000n\000\040\000o\000f\000\040\000t\000h\000e\000\040\000s\000u\000b\000s\000t\000r\000a\000t\000e}{section.9}% 9
\BOOKMARK [2][-]{subsection.21}{\376\377\000s\000p\000i\000n\000-\000c\000o\000a\000t\000i\000n\000g\000\040\000o\000f\000\040\000t\000h\000e\000\040\000s\000a\000m\000p\000l\000e}{section.9}% 10
\BOOKMARK [3][-]{section*.22}{\376\377\000t\000h\000e\000o\000r\000y\000\040\000o\000f\000\040\000s\000p\000i\000n\000\040\000c\000o\000a\000t\000i\000n\000g}{subsection.21}% 11
\BOOKMARK [3][-]{section*.23}{\376\377\000A\000c\000i\000d\000\040\000c\000l\000e\000a\000n\000i\000n\000g}{subsection.21}% 12
\BOOKMARK [1][-]{section.27}{\376\377\000d\000e\000v\000e\000l\000o\000p\000m\000e\000n\000t\000\040\000o\000f\000\040\000a\000\040\000t\000e\000c\000h\000n\000o\000l\000o\000g\000y\000\040\000t\000o\000\040\000e\000s\000t\000i\000m\000a\000t\000e\000\040\000t\000h\000e\000\040\000s\000p\000e\000c\000t\000r\000a\000l\000\040\000d\000i\000f\000f\000u\000s\000i\000o\000n}{chapter.8}% 13
\BOOKMARK [1][-]{section.35}{\376\377\000O\000x\000i\000d\000a\000t\000i\000o\000n}{chapter.8}% 14
\BOOKMARK [2][-]{subsection.37}{\376\377\000f\000i\000r\000s\000t\000\040\000O\000x\000i\000d\000a\000t\000i\000o\000n}{section.35}% 15
\BOOKMARK [2][-]{subsection.42}{\376\377\000S\000e\000c\000o\000n\000d\000\040\000O\000x\000i\000d\000a\000t\000i\000o\000n}{section.35}% 16
\BOOKMARK [1][-]{section.47}{\376\377\000H\000\040\000t\000e\000r\000m\000i\000n\000a\000t\000i\000o\000n}{chapter.8}% 17
\BOOKMARK [0][-]{chapter.53}{\376\377\000C\000o\000n\000c\000l\000u\000s\000i\000o\000n\000\040\000a\000n\000d\000\040\000o\000u\000t\000l\000o\000o\000k}{}% 18
\BOOKMARK [1][-]{section.54}{\376\377\000T\000h\000e\000\040\000r\000o\000a\000d\000\040\000s\000o\000\040\000f\000a\000r}{chapter.53}% 19
\BOOKMARK [1][-]{section.58}{\376\377\000\040\000P\000r\000o\000b\000a\000b\000i\000l\000i\000t\000i\000e\000s\000\040\000i\000n\000\040\000t\000h\000e\000\040\000n\000e\000a\000r\000\040\000f\000u\000t\000u\000r\000e}{chapter.53}% 20
\BOOKMARK [0][-]{appendix.64}{\376\377\000A\000p\000p\000e\000n\000d\000i\000x\000\040\000T\000i\000t\000l\000e\000\040\000H\000e\000r\000e}{}% 21
\BOOKMARK [0][-]{appendix*.65}{\376\377\000B\000i\000b\000l\000i\000o\000g\000r\000a\000p\000h\000y}{}% 22
